



# Django File LOGGING

LOGGING = {
    'version': 1,
    'disable_existing_loggers': False,
    'handlers': {
        'file': {
            'level': 'DEBUG',
            'class': 'logging.FileHandler',
            'filename': '/www/wwwroot/AI-SaaS/logs/django.log',     # Change the current patth 
        },
    },
    'loggers': {
        'django': {
            'handlers': ['file'],
            'level': 'DEBUG',
            'propagate': True,
        },
    },
}


# Django Console LOGGING
LOGGING = {
    'version': 1,
    'disable_existing_loggers': False,
    'handlers': {
        'console': {
            'level': 'DEBUG',
            'class': 'logging.StreamHandler',
        },
    },
    'loggers': {
        'django.db.backends': {
            'handlers': ['console'],
            'level': 'DEBUG',
            'propagate': False,
        },
    },
}



# to see log file
/www/wwwroot/AI-SaaS/logs# tail -f django.log
